[16:18:41.487] [31mERROR[39m (3948): [36mError listening on port[39m
    err: {
      "type": "Error",
      "message": "listen EADDRINUSE: address already in use :::3011",
      "stack":
          Error: listen EADDRINUSE: address already in use :::3011
              at Server.setupListenHandle [as _listen2] (node:net:1904:16)
              at listenInCluster (node:net:1961:12)
              at Server.listen (node:net:2063:7)
              at Function.listen (file:///D:/Projetos_Sites/EstoqueCDD_Replit/artifacts/api-server/dist/index.mjs:21123:28)
              at file:///D:/Projetos_Sites/EstoqueCDD_Replit/artifacts/api-server/dist/index.mjs:113315:13
              at ModuleJob.run (node:internal/modules/esm/module_job:234:25)
              at async ModuleLoader.import (node:internal/modules/esm/loader:473:24)
              at async asyncRunEntryPointWithESMLoader (node:internal/modules/run_main:123:5)
      "code": "EADDRINUSE",
      "errno": -4091,
      "syscall": "listen",
      "address": "::",
      "port": 3011
    }
