[16:19:34.259] [32mINFO[39m (25664): [36mServer listening[39m
    [35mport[39m: 3012
[16:19:37.545] [32mINFO[39m (25664): [36mrequest completed[39m
    [35mreq[39m: {
      "id": 1,
      "method": "GET",
      "url": "/api/healthz"
    }
    [35mres[39m: {
      "statusCode": 200
    }
    [35mresponseTime[39m: 6
[16:20:01.685] [32mINFO[39m (25664): [36mrequest completed[39m
    [35mreq[39m: {
      "id": 2,
      "method": "POST",
      "url": "/api/auth/login"
    }
    [35mres[39m: {
      "statusCode": 200
    }
    [35mresponseTime[39m: 566
[16:20:02.506] [32mINFO[39m (25664): [36mrequest completed[39m
    [35mreq[39m: {
      "id": 3,
      "method": "POST",
      "url": "/api/uploads/storage/sign"
    }
    [35mres[39m: {
      "statusCode": 200
    }
    [35mresponseTime[39m: 803
[16:20:37.623] [32mINFO[39m (25664): [36mrequest completed[39m
    [35mreq[39m: {
      "id": 4,
      "method": "POST",
      "url": "/api/auth/login"
    }
    [35mres[39m: {
      "statusCode": 200
    }
    [35mresponseTime[39m: 548
[16:20:38.222] [32mINFO[39m (25664): [36mrequest completed[39m
    [35mreq[39m: {
      "id": 5,
      "method": "POST",
      "url": "/api/uploads/storage/sign"
    }
    [35mres[39m: {
      "statusCode": 200
    }
    [35mresponseTime[39m: 583
[16:20:41.560] [32mINFO[39m (25664): [36mrequest completed[39m
    [35mreq[39m: {
      "id": 6,
      "method": "POST",
      "url": "/api/bases/segmentos/upload"
    }
    [35mres[39m: {
      "statusCode": 200
    }
    [35mresponseTime[39m: 2095
